2024-04-18 at 22:41:35 CST DEBUG org.springframework.context.support.AbstractApplicationContext 630 prepareRefresh - Refreshing org.springframework.context.support.ClassPathXmlApplicationContext@663411de
2024-04-18 at 22:41:35 CST DEBUG org.springframework.beans.factory.xml.XmlBeanDefinitionReader 393 doLoadBeanDefinitions - Loaded 1 bean definitions from class path resource [beans.xml]
2024-04-18 at 22:41:35 CST DEBUG org.springframework.beans.factory.support.DefaultSingletonBeanRegistry 225 getSingleton - Creating shared instance of singleton bean 'helloWorld'
2024-04-18 at 22:46:16 CST DEBUG org.springframework.context.support.AbstractApplicationContext 630 prepareRefresh - Refreshing org.springframework.context.support.ClassPathXmlApplicationContext@45815ffc
2024-04-18 at 22:46:16 CST DEBUG org.springframework.beans.factory.xml.XmlBeanDefinitionReader 393 doLoadBeanDefinitions - Loaded 1 bean definitions from class path resource [beans.xml]
2024-04-18 at 22:46:16 CST DEBUG org.springframework.beans.factory.support.DefaultSingletonBeanRegistry 225 getSingleton - Creating shared instance of singleton bean 'helloWorld'
2024-04-18 at 22:46:16 CST INFO  edu.hubu.spring6.bean.HelloWorldTest 31 testHelloWorld - 执行成功
2024-04-18 at 22:59:09 CST DEBUG org.springframework.context.support.AbstractApplicationContext 630 prepareRefresh - Refreshing org.springframework.context.support.ClassPathXmlApplicationContext@45815ffc
2024-04-18 at 22:59:09 CST DEBUG org.springframework.beans.factory.xml.XmlBeanDefinitionReader 393 doLoadBeanDefinitions - Loaded 1 bean definitions from class path resource [beans.xml]
2024-04-18 at 22:59:09 CST DEBUG org.springframework.beans.factory.support.DefaultSingletonBeanRegistry 225 getSingleton - Creating shared instance of singleton bean 'helloWorld'
2024-04-18 at 22:59:09 CST INFO  edu.hubu.spring6.bean.HelloWorldTest 34 testHelloWorld - 执行成功
2024-04-18 at 23:07:03 CST DEBUG org.springframework.context.support.AbstractApplicationContext 630 prepareRefresh - Refreshing org.springframework.context.support.ClassPathXmlApplicationContext@732f29af
2024-04-18 at 23:07:03 CST DEBUG org.springframework.beans.factory.xml.XmlBeanDefinitionReader 393 doLoadBeanDefinitions - Loaded 2 bean definitions from class path resource [beans.xml]
2024-04-18 at 23:07:03 CST DEBUG org.springframework.beans.factory.support.DefaultSingletonBeanRegistry 225 getSingleton - Creating shared instance of singleton bean 'helloWorld'
2024-04-18 at 23:07:03 CST DEBUG org.springframework.beans.factory.support.DefaultSingletonBeanRegistry 225 getSingleton - Creating shared instance of singleton bean 'studentOne'
2024-04-18 at 23:07:03 CST WARN  edu.hubu.spring6.bean.HelloWorldTest 45 testDIBySet - Student{id=1001, name='张三', age=22, sex='男'}
2024-04-18 at 23:09:46 CST DEBUG org.springframework.context.support.AbstractApplicationContext 630 prepareRefresh - Refreshing org.springframework.context.support.ClassPathXmlApplicationContext@d3957fe
2024-04-18 at 23:09:46 CST DEBUG org.springframework.beans.factory.xml.XmlBeanDefinitionReader 393 doLoadBeanDefinitions - Loaded 3 bean definitions from class path resource [beans.xml]
2024-04-18 at 23:09:46 CST DEBUG org.springframework.beans.factory.support.DefaultSingletonBeanRegistry 225 getSingleton - Creating shared instance of singleton bean 'helloWorld'
2024-04-18 at 23:09:46 CST DEBUG org.springframework.beans.factory.support.DefaultSingletonBeanRegistry 225 getSingleton - Creating shared instance of singleton bean 'studentOne'
2024-04-18 at 23:09:46 CST DEBUG org.springframework.beans.factory.support.DefaultSingletonBeanRegistry 225 getSingleton - Creating shared instance of singleton bean 'studentTwo'
2024-04-18 at 23:09:46 CST WARN  edu.hubu.spring6.bean.HelloWorldTest 53 testDIByConstructor - Student{id=1002, name='李四', age=33, sex='女'}
2024-04-18 at 23:10:42 CST DEBUG org.springframework.context.support.AbstractApplicationContext 630 prepareRefresh - Refreshing org.springframework.context.support.ClassPathXmlApplicationContext@d3957fe
2024-04-18 at 23:10:43 CST DEBUG org.springframework.beans.factory.xml.XmlBeanDefinitionReader 393 doLoadBeanDefinitions - Loaded 3 bean definitions from class path resource [beans.xml]
2024-04-18 at 23:10:43 CST DEBUG org.springframework.beans.factory.support.DefaultSingletonBeanRegistry 225 getSingleton - Creating shared instance of singleton bean 'helloWorld'
2024-04-18 at 23:10:43 CST DEBUG org.springframework.beans.factory.support.DefaultSingletonBeanRegistry 225 getSingleton - Creating shared instance of singleton bean 'studentOne'
2024-04-18 at 23:10:43 CST DEBUG org.springframework.beans.factory.support.DefaultSingletonBeanRegistry 225 getSingleton - Creating shared instance of singleton bean 'studentTwo'
2024-04-18 at 23:10:43 CST WARN  edu.hubu.spring6.bean.HelloWorldTest 53 testDIByConstructor - Student{id=null, name='1002', age=33, sex='女'}
2024-04-18 at 23:11:00 CST DEBUG org.springframework.context.support.AbstractApplicationContext 630 prepareRefresh - Refreshing org.springframework.context.support.ClassPathXmlApplicationContext@d3957fe
2024-04-18 at 23:11:00 CST DEBUG org.springframework.beans.factory.xml.XmlBeanDefinitionReader 393 doLoadBeanDefinitions - Loaded 3 bean definitions from class path resource [beans.xml]
2024-04-18 at 23:11:00 CST DEBUG org.springframework.beans.factory.support.DefaultSingletonBeanRegistry 225 getSingleton - Creating shared instance of singleton bean 'helloWorld'
2024-04-18 at 23:11:00 CST DEBUG org.springframework.beans.factory.support.DefaultSingletonBeanRegistry 225 getSingleton - Creating shared instance of singleton bean 'studentOne'
2024-04-18 at 23:11:00 CST DEBUG org.springframework.beans.factory.support.DefaultSingletonBeanRegistry 225 getSingleton - Creating shared instance of singleton bean 'studentTwo'
2024-04-18 at 23:11:00 CST WARN  edu.hubu.spring6.bean.HelloWorldTest 53 testDIByConstructor - Student{id=null, name='1002', age=33, sex='女'}
2024-04-18 at 23:11:07 CST DEBUG org.springframework.context.support.AbstractApplicationContext 630 prepareRefresh - Refreshing org.springframework.context.support.ClassPathXmlApplicationContext@d3957fe
2024-04-18 at 23:11:07 CST DEBUG org.springframework.beans.factory.xml.XmlBeanDefinitionReader 393 doLoadBeanDefinitions - Loaded 3 bean definitions from class path resource [beans.xml]
2024-04-18 at 23:11:07 CST DEBUG org.springframework.beans.factory.support.DefaultSingletonBeanRegistry 225 getSingleton - Creating shared instance of singleton bean 'helloWorld'
2024-04-18 at 23:11:07 CST DEBUG org.springframework.beans.factory.support.DefaultSingletonBeanRegistry 225 getSingleton - Creating shared instance of singleton bean 'studentOne'
2024-04-18 at 23:11:07 CST DEBUG org.springframework.beans.factory.support.DefaultSingletonBeanRegistry 225 getSingleton - Creating shared instance of singleton bean 'studentTwo'
2024-04-18 at 23:11:07 CST WARN  edu.hubu.spring6.bean.HelloWorldTest 53 testDIByConstructor - Student{id=null, name='1002', age=33, sex='女'}
2024-04-18 at 23:11:30 CST DEBUG org.springframework.context.support.AbstractApplicationContext 630 prepareRefresh - Refreshing org.springframework.context.support.ClassPathXmlApplicationContext@d3957fe
2024-04-18 at 23:11:30 CST DEBUG org.springframework.beans.factory.xml.XmlBeanDefinitionReader 393 doLoadBeanDefinitions - Loaded 3 bean definitions from class path resource [beans.xml]
2024-04-18 at 23:11:30 CST DEBUG org.springframework.beans.factory.support.DefaultSingletonBeanRegistry 225 getSingleton - Creating shared instance of singleton bean 'helloWorld'
2024-04-18 at 23:11:30 CST DEBUG org.springframework.beans.factory.support.DefaultSingletonBeanRegistry 225 getSingleton - Creating shared instance of singleton bean 'studentOne'
2024-04-18 at 23:11:30 CST DEBUG org.springframework.beans.factory.support.DefaultSingletonBeanRegistry 225 getSingleton - Creating shared instance of singleton bean 'studentTwo'
2024-04-18 at 23:11:30 CST WARN  edu.hubu.spring6.bean.HelloWorldTest 53 testDIByConstructor - Student{id=1002, name='李四', age=33, sex='女'}
2024-04-18 at 23:15:54 CST DEBUG org.springframework.context.support.AbstractApplicationContext 630 prepareRefresh - Refreshing org.springframework.context.support.ClassPathXmlApplicationContext@6622fc65
2024-04-18 at 23:15:54 CST DEBUG org.springframework.beans.factory.xml.XmlBeanDefinitionReader 393 doLoadBeanDefinitions - Loaded 5 bean definitions from class path resource [beans.xml]
2024-04-18 at 23:15:54 CST DEBUG org.springframework.beans.factory.support.DefaultSingletonBeanRegistry 225 getSingleton - Creating shared instance of singleton bean 'helloWorld'
2024-04-18 at 23:15:54 CST DEBUG org.springframework.beans.factory.support.DefaultSingletonBeanRegistry 225 getSingleton - Creating shared instance of singleton bean 'studentOne'
2024-04-18 at 23:15:54 CST DEBUG org.springframework.beans.factory.support.DefaultSingletonBeanRegistry 225 getSingleton - Creating shared instance of singleton bean 'studentTwo'
2024-04-18 at 23:15:54 CST DEBUG org.springframework.beans.factory.support.DefaultSingletonBeanRegistry 225 getSingleton - Creating shared instance of singleton bean 'clazzOne'
2024-04-18 at 23:15:54 CST WARN  org.springframework.context.support.AbstractApplicationContext 592 refresh - Exception encountered during context initialization - cancelling refresh attempt: org.springframework.beans.factory.BeanCreationException: Error creating bean with name 'clazzOne' defined in class path resource [beans.xml]: Failed to convert property value of type 'java.lang.String' to required type 'edu.hubu.spring6.bean.Student' for property 'clazzName'; Cannot convert value of type 'java.lang.String' to required type 'edu.hubu.spring6.bean.Student' for property 'clazzName': no matching editors or conversion strategy found
2024-04-18 at 23:19:35 CST DEBUG org.springframework.context.support.AbstractApplicationContext 630 prepareRefresh - Refreshing org.springframework.context.support.ClassPathXmlApplicationContext@6622fc65
2024-04-18 at 23:19:35 CST DEBUG org.springframework.beans.factory.xml.XmlBeanDefinitionReader 393 doLoadBeanDefinitions - Loaded 5 bean definitions from class path resource [beans.xml]
2024-04-18 at 23:19:35 CST DEBUG org.springframework.beans.factory.support.DefaultSingletonBeanRegistry 225 getSingleton - Creating shared instance of singleton bean 'helloWorld'
2024-04-18 at 23:19:35 CST DEBUG org.springframework.beans.factory.support.DefaultSingletonBeanRegistry 225 getSingleton - Creating shared instance of singleton bean 'studentOne'
2024-04-18 at 23:19:35 CST DEBUG org.springframework.beans.factory.support.DefaultSingletonBeanRegistry 225 getSingleton - Creating shared instance of singleton bean 'studentTwo'
2024-04-18 at 23:19:35 CST DEBUG org.springframework.beans.factory.support.DefaultSingletonBeanRegistry 225 getSingleton - Creating shared instance of singleton bean 'clazzOne'
2024-04-18 at 23:19:35 CST DEBUG org.springframework.beans.factory.support.DefaultSingletonBeanRegistry 225 getSingleton - Creating shared instance of singleton bean 'studentThird'
2024-04-18 at 23:19:35 CST WARN  edu.hubu.spring6.bean.HelloWorldTest 62 testDIBySetter - Student{id=1005, name='王五', age=22, sex='男'}
2024-04-18 at 23:21:42 CST DEBUG org.springframework.context.support.AbstractApplicationContext 630 prepareRefresh - Refreshing org.springframework.context.support.ClassPathXmlApplicationContext@6622fc65
2024-04-18 at 23:21:42 CST DEBUG org.springframework.beans.factory.xml.XmlBeanDefinitionReader 393 doLoadBeanDefinitions - Loaded 5 bean definitions from class path resource [beans.xml]
2024-04-18 at 23:21:42 CST DEBUG org.springframework.beans.factory.support.DefaultSingletonBeanRegistry 225 getSingleton - Creating shared instance of singleton bean 'helloWorld'
2024-04-18 at 23:21:42 CST DEBUG org.springframework.beans.factory.support.DefaultSingletonBeanRegistry 225 getSingleton - Creating shared instance of singleton bean 'studentOne'
2024-04-18 at 23:21:42 CST DEBUG org.springframework.beans.factory.support.DefaultSingletonBeanRegistry 225 getSingleton - Creating shared instance of singleton bean 'studentTwo'
2024-04-18 at 23:21:42 CST DEBUG org.springframework.beans.factory.support.DefaultSingletonBeanRegistry 225 getSingleton - Creating shared instance of singleton bean 'clazzOne'
2024-04-18 at 23:21:42 CST DEBUG org.springframework.beans.factory.support.DefaultSingletonBeanRegistry 225 getSingleton - Creating shared instance of singleton bean 'studentThird'
2024-04-18 at 23:21:42 CST WARN  edu.hubu.spring6.bean.HelloWorldTest 62 testDIBySetter - Student{id=1005, name='王五', age=22, sex='男', clazz=Clazz{clazzId=1, clazzName=2}}
2024-04-18 at 23:23:54 CST DEBUG org.springframework.context.support.AbstractApplicationContext 630 prepareRefresh - Refreshing org.springframework.context.support.ClassPathXmlApplicationContext@6622fc65
2024-04-18 at 23:23:54 CST DEBUG org.springframework.beans.factory.xml.XmlBeanDefinitionReader 393 doLoadBeanDefinitions - Loaded 5 bean definitions from class path resource [beans.xml]
2024-04-18 at 23:23:54 CST DEBUG org.springframework.beans.factory.support.DefaultSingletonBeanRegistry 225 getSingleton - Creating shared instance of singleton bean 'helloWorld'
2024-04-18 at 23:23:54 CST DEBUG org.springframework.beans.factory.support.DefaultSingletonBeanRegistry 225 getSingleton - Creating shared instance of singleton bean 'studentOne'
2024-04-18 at 23:23:54 CST DEBUG org.springframework.beans.factory.support.DefaultSingletonBeanRegistry 225 getSingleton - Creating shared instance of singleton bean 'studentTwo'
2024-04-18 at 23:23:54 CST DEBUG org.springframework.beans.factory.support.DefaultSingletonBeanRegistry 225 getSingleton - Creating shared instance of singleton bean 'clazzOne'
2024-04-18 at 23:23:54 CST DEBUG org.springframework.beans.factory.support.DefaultSingletonBeanRegistry 225 getSingleton - Creating shared instance of singleton bean 'studentThird'
2024-04-18 at 23:23:54 CST WARN  edu.hubu.spring6.bean.HelloWorldTest 62 testDIBySetter - Student{id=1005, name='王五', age=22, sex='男', clazz=Clazz{clazzId=3333, clazzName=最强}}
2024-04-18 at 23:25:12 CST DEBUG org.springframework.context.support.AbstractApplicationContext 630 prepareRefresh - Refreshing org.springframework.context.support.ClassPathXmlApplicationContext@6622fc65
2024-04-18 at 23:25:12 CST DEBUG org.springframework.beans.factory.xml.XmlBeanDefinitionReader 393 doLoadBeanDefinitions - Loaded 5 bean definitions from class path resource [beans.xml]
2024-04-18 at 23:25:12 CST DEBUG org.springframework.beans.factory.support.DefaultSingletonBeanRegistry 225 getSingleton - Creating shared instance of singleton bean 'helloWorld'
2024-04-18 at 23:25:12 CST DEBUG org.springframework.beans.factory.support.DefaultSingletonBeanRegistry 225 getSingleton - Creating shared instance of singleton bean 'studentOne'
2024-04-18 at 23:25:12 CST DEBUG org.springframework.beans.factory.support.DefaultSingletonBeanRegistry 225 getSingleton - Creating shared instance of singleton bean 'studentTwo'
2024-04-18 at 23:25:12 CST DEBUG org.springframework.beans.factory.support.DefaultSingletonBeanRegistry 225 getSingleton - Creating shared instance of singleton bean 'clazzOne'
2024-04-18 at 23:25:12 CST DEBUG org.springframework.beans.factory.support.DefaultSingletonBeanRegistry 225 getSingleton - Creating shared instance of singleton bean 'studentThird'
2024-04-18 at 23:25:12 CST WARN  edu.hubu.spring6.bean.HelloWorldTest 62 testDIBySetter - Student{id=1005, name='王五', age=22, sex='男', clazz=Clazz{clazzId=3333, clazzName=最强}}
2024-04-18 at 23:25:26 CST DEBUG org.springframework.context.support.AbstractApplicationContext 630 prepareRefresh - Refreshing org.springframework.context.support.ClassPathXmlApplicationContext@6622fc65
2024-04-18 at 23:25:26 CST DEBUG org.springframework.beans.factory.xml.XmlBeanDefinitionReader 393 doLoadBeanDefinitions - Loaded 5 bean definitions from class path resource [beans.xml]
2024-04-18 at 23:25:26 CST DEBUG org.springframework.beans.factory.support.DefaultSingletonBeanRegistry 225 getSingleton - Creating shared instance of singleton bean 'helloWorld'
2024-04-18 at 23:25:26 CST DEBUG org.springframework.beans.factory.support.DefaultSingletonBeanRegistry 225 getSingleton - Creating shared instance of singleton bean 'studentOne'
2024-04-18 at 23:25:26 CST DEBUG org.springframework.beans.factory.support.DefaultSingletonBeanRegistry 225 getSingleton - Creating shared instance of singleton bean 'studentTwo'
2024-04-18 at 23:25:26 CST DEBUG org.springframework.beans.factory.support.DefaultSingletonBeanRegistry 225 getSingleton - Creating shared instance of singleton bean 'clazzOne'
2024-04-18 at 23:25:26 CST DEBUG org.springframework.beans.factory.support.DefaultSingletonBeanRegistry 225 getSingleton - Creating shared instance of singleton bean 'studentThird'
2024-04-18 at 23:25:26 CST WARN  edu.hubu.spring6.bean.HelloWorldTest 62 testDIBySetter - Student{id=1005, name='王五', age=22, sex='男', clazz=Clazz{clazzId=3333, clazzName=最强}, hobbies=[打游戏, 睡觉]}
2024-04-18 at 23:27:18 CST DEBUG org.springframework.context.support.AbstractApplicationContext 630 prepareRefresh - Refreshing org.springframework.context.support.ClassPathXmlApplicationContext@6622fc65
2024-04-18 at 23:27:18 CST DEBUG org.springframework.beans.factory.xml.XmlBeanDefinitionReader 393 doLoadBeanDefinitions - Loaded 5 bean definitions from class path resource [beans.xml]
2024-04-18 at 23:27:18 CST DEBUG org.springframework.beans.factory.support.DefaultSingletonBeanRegistry 225 getSingleton - Creating shared instance of singleton bean 'helloWorld'
2024-04-18 at 23:27:18 CST DEBUG org.springframework.beans.factory.support.DefaultSingletonBeanRegistry 225 getSingleton - Creating shared instance of singleton bean 'studentOne'
2024-04-18 at 23:27:18 CST DEBUG org.springframework.beans.factory.support.DefaultSingletonBeanRegistry 225 getSingleton - Creating shared instance of singleton bean 'studentTwo'
2024-04-18 at 23:27:18 CST DEBUG org.springframework.beans.factory.support.DefaultSingletonBeanRegistry 225 getSingleton - Creating shared instance of singleton bean 'clazzOne'
2024-04-18 at 23:27:18 CST DEBUG org.springframework.beans.factory.support.DefaultSingletonBeanRegistry 225 getSingleton - Creating shared instance of singleton bean 'studentThird'
2024-04-18 at 23:27:18 CST WARN  edu.hubu.spring6.bean.HelloWorldTest 62 testDIBySetter - Student{id=1005, name='王五', age=22, sex='男', clazz=Clazz{clazzId=3333, clazzName='最强', studentList=[Student{id=1001, name='张三', age=22, sex='男', clazz=null, hobbies=null}, Student{id=1002, name='李四', age=33, sex='女', clazz=null, hobbies=null}]}, hobbies=[打游戏, 睡觉]}
2024-04-18 at 23:30:49 CST DEBUG org.springframework.context.support.AbstractApplicationContext 630 prepareRefresh - Refreshing org.springframework.context.support.ClassPathXmlApplicationContext@6622fc65
2024-04-18 at 23:30:49 CST DEBUG org.springframework.beans.factory.xml.XmlBeanDefinitionReader 393 doLoadBeanDefinitions - Loaded 7 bean definitions from class path resource [beans.xml]
2024-04-18 at 23:30:49 CST DEBUG org.springframework.beans.factory.support.DefaultSingletonBeanRegistry 225 getSingleton - Creating shared instance of singleton bean 'helloWorld'
2024-04-18 at 23:30:49 CST DEBUG org.springframework.beans.factory.support.DefaultSingletonBeanRegistry 225 getSingleton - Creating shared instance of singleton bean 'studentOne'
2024-04-18 at 23:30:49 CST DEBUG org.springframework.beans.factory.support.DefaultSingletonBeanRegistry 225 getSingleton - Creating shared instance of singleton bean 'studentTwo'
2024-04-18 at 23:30:49 CST DEBUG org.springframework.beans.factory.support.DefaultSingletonBeanRegistry 225 getSingleton - Creating shared instance of singleton bean 'clazzOne'
2024-04-18 at 23:30:49 CST DEBUG org.springframework.beans.factory.support.DefaultSingletonBeanRegistry 225 getSingleton - Creating shared instance of singleton bean 'studentThird'
2024-04-18 at 23:30:49 CST DEBUG org.springframework.beans.factory.support.DefaultSingletonBeanRegistry 225 getSingleton - Creating shared instance of singleton bean 'teacherOne'
2024-04-18 at 23:30:49 CST DEBUG org.springframework.beans.factory.support.DefaultSingletonBeanRegistry 225 getSingleton - Creating shared instance of singleton bean 'teacherTwo'
2024-04-18 at 23:30:49 CST WARN  edu.hubu.spring6.bean.HelloWorldTest 62 testDIBySetter - Student{id=1005, name='王五', age=22, sex='男', clazz=Clazz{clazzId=3333, clazzName='最强', studentList=[Student{id=1001, name='张三', age=22, sex='男', clazz=null, hobbies=null}, Student{id=1002, name='李四', age=33, sex='女', clazz=null, hobbies=null}]}, hobbies=[打游戏, 睡觉]}
2024-04-18 at 23:31:05 CST DEBUG org.springframework.context.support.AbstractApplicationContext 630 prepareRefresh - Refreshing org.springframework.context.support.ClassPathXmlApplicationContext@6622fc65
2024-04-18 at 23:31:05 CST DEBUG org.springframework.beans.factory.xml.XmlBeanDefinitionReader 393 doLoadBeanDefinitions - Loaded 7 bean definitions from class path resource [beans.xml]
2024-04-18 at 23:31:05 CST DEBUG org.springframework.beans.factory.support.DefaultSingletonBeanRegistry 225 getSingleton - Creating shared instance of singleton bean 'helloWorld'
2024-04-18 at 23:31:05 CST DEBUG org.springframework.beans.factory.support.DefaultSingletonBeanRegistry 225 getSingleton - Creating shared instance of singleton bean 'studentOne'
2024-04-18 at 23:31:05 CST DEBUG org.springframework.beans.factory.support.DefaultSingletonBeanRegistry 225 getSingleton - Creating shared instance of singleton bean 'studentTwo'
2024-04-18 at 23:31:05 CST DEBUG org.springframework.beans.factory.support.DefaultSingletonBeanRegistry 225 getSingleton - Creating shared instance of singleton bean 'clazzOne'
2024-04-18 at 23:31:05 CST DEBUG org.springframework.beans.factory.support.DefaultSingletonBeanRegistry 225 getSingleton - Creating shared instance of singleton bean 'studentThird'
2024-04-18 at 23:31:05 CST DEBUG org.springframework.beans.factory.support.DefaultSingletonBeanRegistry 225 getSingleton - Creating shared instance of singleton bean 'teacherOne'
2024-04-18 at 23:31:05 CST DEBUG org.springframework.beans.factory.support.DefaultSingletonBeanRegistry 225 getSingleton - Creating shared instance of singleton bean 'teacherTwo'
2024-04-18 at 23:31:05 CST WARN  edu.hubu.spring6.bean.HelloWorldTest 62 testDIBySetter - Student{id=1005, name='王五', age=22, sex='男', clazz=Clazz{clazzId=3333, clazzName='最强', studentList=[Student{id=1001, name='张三', age=22, sex='男', clazz=null, hobbies=null, teacherMap=null}, Student{id=1002, name='李四', age=33, sex='女', clazz=null, hobbies=null, teacherMap=null}]}, hobbies=[打游戏, 睡觉], teacherMap={10010=Teacher{teacherId=10010, teacherName='大宝'}, 10086=Teacher{teacherId=10011, teacherName='大2'}}}
2024-04-18 at 23:33:38 CST DEBUG org.springframework.context.support.AbstractApplicationContext 630 prepareRefresh - Refreshing org.springframework.context.support.ClassPathXmlApplicationContext@6622fc65
2024-04-18 at 23:33:38 CST DEBUG org.springframework.beans.factory.xml.XmlBeanDefinitionReader 393 doLoadBeanDefinitions - Loaded 10 bean definitions from class path resource [beans.xml]
2024-04-18 at 23:33:38 CST DEBUG org.springframework.beans.factory.support.DefaultSingletonBeanRegistry 225 getSingleton - Creating shared instance of singleton bean 'helloWorld'
2024-04-18 at 23:33:38 CST DEBUG org.springframework.beans.factory.support.DefaultSingletonBeanRegistry 225 getSingleton - Creating shared instance of singleton bean 'studentOne'
2024-04-18 at 23:33:38 CST DEBUG org.springframework.beans.factory.support.DefaultSingletonBeanRegistry 225 getSingleton - Creating shared instance of singleton bean 'studentTwo'
2024-04-18 at 23:33:38 CST DEBUG org.springframework.beans.factory.support.DefaultSingletonBeanRegistry 225 getSingleton - Creating shared instance of singleton bean 'clazzOne'
2024-04-18 at 23:33:38 CST DEBUG org.springframework.beans.factory.support.DefaultSingletonBeanRegistry 225 getSingleton - Creating shared instance of singleton bean 'studentThird'
2024-04-18 at 23:33:38 CST DEBUG org.springframework.beans.factory.support.DefaultSingletonBeanRegistry 225 getSingleton - Creating shared instance of singleton bean 'teacherMap'
2024-04-18 at 23:33:38 CST DEBUG org.springframework.beans.factory.support.DefaultSingletonBeanRegistry 225 getSingleton - Creating shared instance of singleton bean 'teacherTwo'
2024-04-18 at 23:33:38 CST DEBUG org.springframework.beans.factory.support.DefaultSingletonBeanRegistry 225 getSingleton - Creating shared instance of singleton bean 'teacherOne'
2024-04-18 at 23:33:38 CST DEBUG org.springframework.beans.factory.support.DefaultSingletonBeanRegistry 225 getSingleton - Creating shared instance of singleton bean 'students'
2024-04-18 at 23:33:38 CST DEBUG org.springframework.beans.factory.support.DefaultSingletonBeanRegistry 225 getSingleton - Creating shared instance of singleton bean 'clazzTwo'
2024-04-18 at 23:33:38 CST WARN  edu.hubu.spring6.bean.HelloWorldTest 62 testDIBySetter - Student{id=1005, name='王五', age=22, sex='男', clazz=Clazz{clazzId=3333, clazzName='最强', studentList=[Student{id=1001, name='张三', age=22, sex='男', clazz=null, hobbies=null, teacherMap=null}, Student{id=1002, name='李四', age=33, sex='女', clazz=null, hobbies=null, teacherMap=null}]}, hobbies=[打游戏, 睡觉], teacherMap={10016=Teacher{teacherId=10011, teacherName='大2'}, 10011=Teacher{teacherId=10010, teacherName='大宝'}}}
